<?xml version="1.0" encoding="UTF-8"?>
<testng-results ignored="0" total="1" passed="1" failed="0" skipped="0">
  <reporter-output>
  </reporter-output>
  <suite started-at="2022-12-14T21:34:44 IST" name="Default suite" finished-at="2022-12-14T21:35:01 IST" duration-ms="17538">
    <groups>
    </groups>
    <test started-at="2022-12-14T21:34:44 IST" name="Default test" finished-at="2022-12-14T21:35:01 IST" duration-ms="17538">
      <class name="Test.HomePageTest">
        <test-method is-config="true" signature="openBroswer()[pri:0, instance:Test.HomePageTest@29e495ff]" started-at="2022-12-14T21:34:44 IST" name="openBroswer" finished-at="2022-12-14T21:34:53 IST" duration-ms="9710" status="PASS">
          <reporter-output>
          </reporter-output>
        </test-method> <!-- openBroswer -->
        <test-method signature="serachTest()[pri:0, instance:Test.HomePageTest@29e495ff]" started-at="2022-12-14T21:34:53 IST" name="serachTest" finished-at="2022-12-14T21:34:56 IST" duration-ms="2391" status="PASS">
          <reporter-output>
          </reporter-output>
        </test-method> <!-- serachTest -->
        <test-method is-config="true" signature="closeBroswer()[pri:0, instance:Test.HomePageTest@29e495ff]" started-at="2022-12-14T21:34:56 IST" name="closeBroswer" finished-at="2022-12-14T21:35:01 IST" duration-ms="5367" status="PASS">
          <reporter-output>
          </reporter-output>
        </test-method> <!-- closeBroswer -->
      </class> <!-- Test.HomePageTest -->
    </test> <!-- Default test -->
  </suite> <!-- Default suite -->
</testng-results>
